<?xml version="1.0" encoding="utf-8"?><testsuites name="pytest tests"><testsuite name="pytest" errors="0" failures="0" skipped="0" tests="14" time="6.104" timestamp="2026-03-16T17:38:56.286325+00:00" hostname="agent-env-c432c4c9-5d25-41a3-8a33-3cd6ec8dc023"><testcase classname="backend.tests.test_admin_sessions_features.TestAdminSessions" name="test_admin_get_sessions_returns_attendee_details" time="0.498" /><testcase classname="backend.tests.test_admin_sessions_features.TestAdminSessions" name="test_admin_create_session" time="0.805" /><testcase classname="backend.tests.test_admin_sessions_features.TestAdminSessions" name="test_admin_update_session" time="0.790" /><testcase classname="backend.tests.test_admin_sessions_features.TestAdminSessions" name="test_admin_delete_session" time="0.725" /><testcase classname="backend.tests.test_admin_sessions_features.TestAdminAttendanceManagement" name="test_admin_update_attendance_to_confirmed" time="0.704" /><testcase classname="backend.tests.test_admin_sessions_features.TestAdminAttendanceManagement" name="test_admin_update_attendance_to_declined" time="0.442" /><testcase classname="backend.tests.test_admin_sessions_features.TestAdminAttendanceManagement" name="test_admin_update_attendance_to_pending" time="0.397" /><testcase classname="backend.tests.test_admin_sessions_features.TestAdminUserStats" name="test_admin_get_user_stats" time="0.302" /><testcase classname="backend.tests.test_admin_sessions_features.TestAdminUserStats" name="test_admin_get_user_stats_nonexistent_user" time="0.137" /><testcase classname="backend.tests.test_admin_sessions_features.TestAdminUserStats" name="test_admin_get_trainer_stats" time="0.291" /><testcase classname="backend.tests.test_admin_sessions_features.TestExistingFeaturesStillWorking" name="test_homepage_loads" time="0.146" /><testcase classname="backend.tests.test_admin_sessions_features.TestExistingFeaturesStillWorking" name="test_public_trainers_endpoint" time="0.165" /><testcase classname="backend.tests.test_admin_sessions_features.TestExistingFeaturesStillWorking" name="test_public_schedule_endpoint" time="0.282" /><testcase classname="backend.tests.test_admin_sessions_features.TestExistingFeaturesStillWorking" name="test_student_login_still_works" time="0.364" /></testsuite></testsuites>