<?xml version="1.0" encoding="utf-8"?><testsuites name="pytest tests"><testsuite name="pytest" errors="0" failures="0" skipped="0" tests="30" time="21.610" timestamp="2026-03-16T17:14:42.102363+00:00" hostname="agent-env-c432c4c9-5d25-41a3-8a33-3cd6ec8dc023"><testcase classname="backend.tests.test_auth_users_sessions.TestAuthEndpoints" name="test_login_student_success" time="0.521" /><testcase classname="backend.tests.test_auth_users_sessions.TestAuthEndpoints" name="test_login_trainer_success" time="0.379" /><testcase classname="backend.tests.test_auth_users_sessions.TestAuthEndpoints" name="test_login_invalid_credentials" time="0.249" /><testcase classname="backend.tests.test_auth_users_sessions.TestAuthEndpoints" name="test_login_empty_fields" time="0.195" /><testcase classname="backend.tests.test_auth_users_sessions.TestAuthEndpoints" name="test_auth_me_with_valid_token" time="0.495" /><testcase classname="backend.tests.test_auth_users_sessions.TestAuthEndpoints" name="test_auth_me_without_token" time="0.117" /><testcase classname="backend.tests.test_auth_users_sessions.TestAuthEndpoints" name="test_auth_me_with_invalid_token" time="0.219" /><testcase classname="backend.tests.test_auth_users_sessions.TestProfileUpdate" name="test_update_profile_name" time="0.713" /><testcase classname="backend.tests.test_auth_users_sessions.TestProfileUpdate" name="test_update_profile_multiple_fields" time="0.683" /><testcase classname="backend.tests.test_auth_users_sessions.TestAdminUserManagement" name="test_admin_get_users" time="0.182" /><testcase classname="backend.tests.test_auth_users_sessions.TestAdminUserManagement" name="test_admin_create_student" time="0.800" /><testcase classname="backend.tests.test_auth_users_sessions.TestAdminUserManagement" name="test_admin_create_trainer" time="0.555" /><testcase classname="backend.tests.test_auth_users_sessions.TestAdminUserManagement" name="test_admin_create_duplicate_email_rejected" time="0.132" /><testcase classname="backend.tests.test_auth_users_sessions.TestAdminUserManagement" name="test_admin_create_invalid_role_rejected" time="0.119" /><testcase classname="backend.tests.test_auth_users_sessions.TestAdminUserManagement" name="test_admin_update_user" time="0.610" /><testcase classname="backend.tests.test_auth_users_sessions.TestAdminUserManagement" name="test_admin_toggle_user_active" time="0.684" /><testcase classname="backend.tests.test_auth_users_sessions.TestAdminUserManagement" name="test_admin_delete_user" time="0.632" /><testcase classname="backend.tests.test_auth_users_sessions.TestTrainingSessions" name="test_trainer_create_session" time="1.248" /><testcase classname="backend.tests.test_auth_users_sessions.TestTrainingSessions" name="test_student_cannot_create_session" time="1.182" /><testcase classname="backend.tests.test_auth_users_sessions.TestTrainingSessions" name="test_trainer_get_all_sessions" time="1.078" /><testcase classname="backend.tests.test_auth_users_sessions.TestTrainingSessions" name="test_student_cannot_get_all_sessions" time="1.154" /><testcase classname="backend.tests.test_auth_users_sessions.TestTrainingSessions" name="test_student_get_sessions" time="1.094" /><testcase classname="backend.tests.test_auth_users_sessions.TestAttendanceRSVP" name="test_student_confirm_attendance" time="1.299" /><testcase classname="backend.tests.test_auth_users_sessions.TestAttendanceRSVP" name="test_student_decline_attendance" time="1.402" /><testcase classname="backend.tests.test_auth_users_sessions.TestAttendanceRSVP" name="test_invalid_attendance_status_rejected" time="1.321" /><testcase classname="backend.tests.test_auth_users_sessions.TestAttendanceRSVP" name="test_trainer_view_attendance" time="1.319" /><testcase classname="backend.tests.test_auth_users_sessions.TestAttendanceRSVP" name="test_student_cannot_view_attendance_list" time="1.548" /><testcase classname="backend.tests.test_auth_users_sessions.TestNotifications" name="test_get_notifications" time="0.460" /><testcase classname="backend.tests.test_auth_users_sessions.TestNotifications" name="test_mark_notification_read" time="0.621" /><testcase classname="backend.tests.test_auth_users_sessions.TestNotifications" name="test_mark_all_notifications_read" time="0.501" /></testsuite></testsuites>