<?xml version="1.0" encoding="utf-8"?><testsuites name="pytest tests"><testsuite name="pytest" errors="0" failures="0" skipped="0" tests="18" time="3.355" timestamp="2026-04-17T05:47:00.685344+00:00" hostname="agent-env-78aec244-2cd3-47f5-8b87-bf624d30d4bd"><testcase classname="backend.tests.test_events_tickets.TestPublicEventsAPI" name="test_get_events_returns_published_events" time="0.216" /><testcase classname="backend.tests.test_events_tickets.TestPublicEventsAPI" name="test_get_featured_event_returns_future_event" time="0.158" /><testcase classname="backend.tests.test_events_tickets.TestPublicEventsAPI" name="test_get_event_by_id" time="0.109" /><testcase classname="backend.tests.test_events_tickets.TestPublicEventsAPI" name="test_get_event_not_found" time="0.096" /><testcase classname="backend.tests.test_events_tickets.TestPaymentInfo" name="test_get_payment_info" time="0.130" /><testcase classname="backend.tests.test_events_tickets.TestTicketReservation" name="test_reserve_ticket_box_office" time="0.108" /><testcase classname="backend.tests.test_events_tickets.TestTicketReservation" name="test_reserve_ticket_transfer" time="0.111" /><testcase classname="backend.tests.test_events_tickets.TestTicketReservation" name="test_reserve_ticket_invalid_event" time="0.113" /><testcase classname="backend.tests.test_events_tickets.TestTicketPDF" name="test_download_ticket_pdf" time="0.235" /><testcase classname="backend.tests.test_events_tickets.TestTicketValidation" name="test_validate_ticket_requires_auth" time="0.107" /><testcase classname="backend.tests.test_events_tickets.TestTicketValidation" name="test_validate_already_checked_in_ticket" time="0.443" /><testcase classname="backend.tests.test_events_tickets.TestTicketValidation" name="test_validate_invalid_ticket_code" time="0.450" /><testcase classname="backend.tests.test_events_tickets.TestAdminEventsAPI" name="test_admin_get_events" time="0.107" /><testcase classname="backend.tests.test_events_tickets.TestAdminEventsAPI" name="test_admin_get_event_tickets" time="0.122" /><testcase classname="backend.tests.test_events_tickets.TestAdminEventsAPI" name="test_admin_create_event" time="0.218" /><testcase classname="backend.tests.test_events_tickets.TestAdminEventsAPI" name="test_admin_requires_auth" time="0.102" /><testcase classname="backend.tests.test_events_tickets.TestAdminPaymentSettings" name="test_admin_get_payment_settings" time="0.111" /><testcase classname="backend.tests.test_events_tickets.TestAdminPaymentSettings" name="test_admin_update_payment_settings" time="0.329" /></testsuite></testsuites>