<?xml version="1.0" encoding="utf-8"?><testsuites name="pytest tests"><testsuite name="pytest" errors="0" failures="0" skipped="0" tests="25" time="7.491" timestamp="2026-02-16T17:30:43.355099+00:00" hostname="agent-env-c432c4c9-5d25-41a3-8a33-3cd6ec8dc023"><testcase classname="backend.tests.test_api.TestPublicEndpoints" name="test_root_endpoint" time="0.168" /><testcase classname="backend.tests.test_api.TestPublicEndpoints" name="test_get_trainers" time="0.357" /><testcase classname="backend.tests.test_api.TestPublicEndpoints" name="test_get_schedule" time="0.314" /><testcase classname="backend.tests.test_api.TestPublicEndpoints" name="test_get_gallery" time="0.278" /><testcase classname="backend.tests.test_api.TestPublicEndpoints" name="test_get_instagram" time="0.146" /><testcase classname="backend.tests.test_api.TestPublicEndpoints" name="test_get_settings" time="0.153" /><testcase classname="backend.tests.test_api.TestPublicEndpoints" name="test_get_pages" time="0.208" /><testcase classname="backend.tests.test_api.TestPublicEndpoints" name="test_get_homepage" time="0.179" /><testcase classname="backend.tests.test_api.TestAdminAuth" name="test_admin_verify_with_valid_credentials" time="0.164" /><testcase classname="backend.tests.test_api.TestAdminAuth" name="test_admin_verify_with_invalid_credentials" time="0.190" /><testcase classname="backend.tests.test_api.TestAdminAuth" name="test_admin_verify_without_credentials" time="0.183" /><testcase classname="backend.tests.test_api.TestBookings" name="test_create_booking_success" time="0.166" /><testcase classname="backend.tests.test_api.TestBookings" name="test_create_booking_invalid_email" time="0.169" /><testcase classname="backend.tests.test_api.TestBookings" name="test_admin_get_bookings" time="0.384" /><testcase classname="backend.tests.test_api.TestContacts" name="test_create_contact_success" time="0.114" /><testcase classname="backend.tests.test_api.TestContacts" name="test_admin_get_contacts" time="0.375" /><testcase classname="backend.tests.test_api.TestTrainerCRUD" name="test_create_trainer" time="0.800" /><testcase classname="backend.tests.test_api.TestTrainerCRUD" name="test_update_trainer" time="0.460" /><testcase classname="backend.tests.test_api.TestTrainerCRUD" name="test_delete_trainer" time="0.435" /><testcase classname="backend.tests.test_api.TestGalleryCRUD" name="test_create_gallery_image" time="0.270" /><testcase classname="backend.tests.test_api.TestGalleryCRUD" name="test_update_gallery_image" time="0.554" /><testcase classname="backend.tests.test_api.TestGalleryCRUD" name="test_delete_gallery_image" time="0.356" /><testcase classname="backend.tests.test_api.TestCMSPages" name="test_create_page" time="0.317" /><testcase classname="backend.tests.test_api.TestCMSPages" name="test_duplicate_slug_rejected" time="0.530" /><testcase classname="backend.tests.test_api.TestSeedData" name="test_seed_data_endpoint" time="0.142" /></testsuite></testsuites>