<?xml version="1.0" encoding="utf-8"?><testsuites name="pytest tests"><testsuite name="pytest" errors="0" failures="0" skipped="0" tests="25" time="8.337" timestamp="2026-02-16T17:09:55.499706+00:00" hostname="agent-env-c432c4c9-5d25-41a3-8a33-3cd6ec8dc023"><testcase classname="backend.tests.test_api.TestPublicEndpoints" name="test_root_endpoint" time="0.860" /><testcase classname="backend.tests.test_api.TestPublicEndpoints" name="test_get_trainers" time="0.190" /><testcase classname="backend.tests.test_api.TestPublicEndpoints" name="test_get_schedule" time="0.227" /><testcase classname="backend.tests.test_api.TestPublicEndpoints" name="test_get_gallery" time="0.208" /><testcase classname="backend.tests.test_api.TestPublicEndpoints" name="test_get_instagram" time="0.154" /><testcase classname="backend.tests.test_api.TestPublicEndpoints" name="test_get_settings" time="0.337" /><testcase classname="backend.tests.test_api.TestPublicEndpoints" name="test_get_pages" time="0.177" /><testcase classname="backend.tests.test_api.TestPublicEndpoints" name="test_get_homepage" time="0.143" /><testcase classname="backend.tests.test_api.TestAdminAuth" name="test_admin_verify_with_valid_credentials" time="0.228" /><testcase classname="backend.tests.test_api.TestAdminAuth" name="test_admin_verify_with_invalid_credentials" time="0.228" /><testcase classname="backend.tests.test_api.TestAdminAuth" name="test_admin_verify_without_credentials" time="0.163" /><testcase classname="backend.tests.test_api.TestBookings" name="test_create_booking_success" time="0.247" /><testcase classname="backend.tests.test_api.TestBookings" name="test_create_booking_invalid_email" time="0.108" /><testcase classname="backend.tests.test_api.TestBookings" name="test_admin_get_bookings" time="0.153" /><testcase classname="backend.tests.test_api.TestContacts" name="test_create_contact_success" time="0.148" /><testcase classname="backend.tests.test_api.TestContacts" name="test_admin_get_contacts" time="0.265" /><testcase classname="backend.tests.test_api.TestTrainerCRUD" name="test_create_trainer" time="0.582" /><testcase classname="backend.tests.test_api.TestTrainerCRUD" name="test_update_trainer" time="0.750" /><testcase classname="backend.tests.test_api.TestTrainerCRUD" name="test_delete_trainer" time="0.496" /><testcase classname="backend.tests.test_api.TestGalleryCRUD" name="test_create_gallery_image" time="0.410" /><testcase classname="backend.tests.test_api.TestGalleryCRUD" name="test_update_gallery_image" time="0.485" /><testcase classname="backend.tests.test_api.TestGalleryCRUD" name="test_delete_gallery_image" time="0.474" /><testcase classname="backend.tests.test_api.TestCMSPages" name="test_create_page" time="0.467" /><testcase classname="backend.tests.test_api.TestCMSPages" name="test_duplicate_slug_rejected" time="0.462" /><testcase classname="backend.tests.test_api.TestSeedData" name="test_seed_data_endpoint" time="0.139" /></testsuite></testsuites>